<?xml version="1.0" encoding="UTF-8"?>
<!-- Generated by org.testng.reporters.JUnitReportReporter -->
<testsuite hostname="LAPTOP-US295GG4" failures="0" tests="1" name="resources.ExtentreporterNg" time="42.269" errors="0" timestamp="2023-07-01T11:55:11 IST" skipped="0">
  <testcase classname="resources.ExtentreporterNg" name="SuccessLoginValidation" time="42.269"/>
</testsuite> <!-- resources.ExtentreporterNg -->
