<?xml version="1.0" encoding="UTF-8"?>
<!-- Generated by org.testng.reporters.JUnitReportReporter -->
<testsuite hostname="LAPTOP-US295GG4" failures="0" tests="1" name="Yoga_Project.Magento.BaseTest" time="57.201" errors="0" timestamp="2023-07-02T18:15:59 IST" skipped="0">
  <testcase classname="Yoga_Project.Magento.BaseTest" name="SubmitOrder" time="57.201"/>
</testsuite> <!-- Yoga_Project.Magento.BaseTest -->
